<?xml version="1.0" encoding="UTF-8"?>
<!-- Generated by org.testng.reporters.JUnitReportReporter -->
<testsuite hostname="DESKTOP-5EVK54D" failures="0" tests="4" name="parallel.RunAmazonTest" time="53.927" errors="0" timestamp="2023-03-04T16:16:47 IST" skipped="0">
  <testcase classname="parallel.RunAmazonTest" name="runScenario" time="23.018"/>
  <system-out/>
  <testcase classname="parallel.RunAmazonTest" name="runScenario" time="11.808"/>
  <system-out/>
  <testcase classname="parallel.RunAmazonTest" name="runScenario" time="11.592"/>
  <system-out/>
  <testcase classname="parallel.RunAmazonTest" name="runScenario" time="7.509"/>
  <system-out/>
</testsuite> <!-- parallel.RunAmazonTest -->
