<?xml version="1.0" encoding="UTF-8"?>
<!-- Generated by org.testng.reporters.JUnitReportReporter -->
<testsuite hostname="DESKTOP-5EVK54D" failures="0" tests="3" name="parallel.RunAmazonTest" time="43.208" errors="0" timestamp="2023-02-01T08:45:40 IST" skipped="0">
  <testcase classname="parallel.RunAmazonTest" name="runScenario" time="20.444"/>
  <system-out/>
  <testcase classname="parallel.RunAmazonTest" name="runScenario" time="9.553"/>
  <system-out/>
  <testcase classname="parallel.RunAmazonTest" name="runScenario" time="13.211"/>
  <system-out/>
</testsuite> <!-- parallel.RunAmazonTest -->
