<?xml version="1.0" encoding="UTF-8"?>
<!-- Generated by org.testng.reporters.JUnitReportReporter -->
<testsuite hostname="DESKTOP-5EVK54D" failures="0" tests="4" name="parallel.RunAmazonTest" time="30.337" errors="0" timestamp="2023-06-16T05:45:07 IST" skipped="0">
  <testcase classname="parallel.RunAmazonTest" name="runScenario" time="10.291"/>
  <system-out/>
  <testcase classname="parallel.RunAmazonTest" name="runScenario" time="7.677"/>
  <system-out/>
  <testcase classname="parallel.RunAmazonTest" name="runScenario" time="7.991"/>
  <system-out/>
  <testcase classname="parallel.RunAmazonTest" name="runScenario" time="4.378"/>
  <system-out/>
</testsuite> <!-- parallel.RunAmazonTest -->
